[2022-05-05 18:57:50,669][yaml_util1.py 49][INFO]: 加载 /Users/chenjiawei/Desktop/automation/gitlab/jiangsuzhibao/config/setting.ini 文件......
[2022-05-05 18:57:50,833][yaml_util1.py 49][INFO]: 加载 /Users/chenjiawei/Desktop/automation/gitlab/jiangsuzhibao/config/setting.ini 文件......
[2022-05-05 18:57:50,837][yaml_util1.py 49][INFO]: 加载 /Users/chenjiawei/Desktop/automation/gitlab/jiangsuzhibao/config/setting.ini 文件......
[2022-05-05 18:57:50,839][yaml_util1.py 26][INFO]: 加载 ==>> /Users/chenjiawei/Desktop/automation/gitlab/jiangsuzhibao/data_file/test_case.yaml文件.....
[2022-05-05 18:57:50,849][yaml_util1.py 29][INFO]: 读到数据 ==>>  {'test_01': [['登录', '用户登录', 'post', '/api/author/login', {'username': 'sny', 'password': 'sny123'}, True, 200, 'sny']], 'test_02': [['侵染气象分区', '获取小麦：温度，湿度，降水，太阳辐射数据', 'get', '/api/zhibao/v1/disaster/areas/statistics', {'lat': '32.9661343135971', 'lon': '119.463308431282', 'disaster_type': 'chimei', 'feature': ['tave', 'rh', 'apcp', 'ssrd']}, True, 200, '5360']], 'test_03': [['侵染气象分区', '获取水稻：温度，湿度，降水，太阳辐射数据', 'get', '/api/zhibao/v1/disaster/areas/statistics', {'lat': '32.9661343135971', 'lon': '119.463308431282', 'disaster_type': 'daowen', 'feature': ['tave', 'rh', 'apcp', 'ssrd']}, True, 200, 4869]], 'test_04': [['病害风险地图', '获取小麦风险分布、指数', 'get', '/api/zhibao/v1/disaster/history/risk_map/distributed', {'lat': '32.9661343135971', 'lon': '119.463308431282', 'crop_type': 'wheat'}, True, 200, 2138]], 'test_05': [['病害风险地图', '获取水稻风险分布，指数', 'get', '/api/zhibao/v1/disaster/history/risk_map/distributed', {'lat': '32.9661343135971', 'lon': '119.463308431282', 'crop_type': 'rice'}, True, 200, 7251]], 'test_06': [['病害风险地图', '小麦-病害风险最高前十', 'get', '/api/zhibao/v1/disaster/history/risk_map/top_ten', {'crop_type': 'wheat'}, True, 200, '南京市']], 'test_07': [['病害风险地图', '水稻=病害风险最高前十', 'get', '/api/zhibao/v1/disaster/history/risk_map/top_ten', {'crop_type': 'rice'}, True, 200, '盐城市']], 'test_08': [['病害风险地图', '水稻=病害风险最高前十', 'get', '/api/zhibao/v1/disaster/history/risk_map/top_ten', {'crop_type': 'rice'}, True, 200, '盐城市']]}
[2022-05-05 18:57:50,938][yaml_util1.py 49][INFO]: 加载 /Users/chenjiawei/Desktop/automation/gitlab/jiangsuzhibao/config/setting.ini 文件......
[2022-05-05 18:57:50,977][conftest.py 31][INFO]: ~~~~~~~~~~在所有请求之前执行一次~~~~~~~~~~~
[2022-05-05 18:57:50,977][yaml_util1.py 46][INFO]: 重置 /extract_token.yaml文件.......
[2022-05-05 18:57:50,981][test_login.py 33][INFO]: *************** 用户登录-开始执行用例 ***************
[2022-05-05 18:57:50,982][yaml_util1.py 22][INFO]: 读到token ==>>  None
[2022-05-05 18:57:50,982][all_requests.py 52][INFO]: 接口请求地址 ==>> https://zbapi.gagogroup.cn/api/author/login
[2022-05-05 18:57:50,982][all_requests.py 53][INFO]: 接口请求方式 ==>> post
[2022-05-05 18:57:50,983][all_requests.py 55][INFO]: 接口请求头 ==>> null
[2022-05-05 18:57:50,983][all_requests.py 56][INFO]: 接口请求 params 参数 ==>> null
[2022-05-05 18:57:50,983][all_requests.py 57][INFO]: 接口请求体 data 参数 ==>> {
    "username": "sny",
    "password": "sny123"
}
[2022-05-05 18:57:50,983][all_requests.py 58][INFO]: 接口请求体 json 参数 ==>> null
[2022-05-05 18:57:50,983][all_requests.py 59][INFO]: 接口上传附件 files 参数 ==>> None
[2022-05-05 18:57:50,983][all_requests.py 60][INFO]: 接口 cookies 参数 ==>> null
[2022-05-05 18:57:51,427][yaml_util1.py 37][INFO]: 获取token：{'token': 'b00824afb7bc262674c736af3a44bc13211dad6de4dc9ddfe85a8640d3855d857f320aee1a28904126a1c302cfec2994'}......
[2022-05-05 18:57:51,428][yaml_util1.py 40][INFO]: 已将{'token': 'b00824afb7bc262674c736af3a44bc13211dad6de4dc9ddfe85a8640d3855d857f320aee1a28904126a1c302cfec2994'}写入/extract_token.yaml文件......
[2022-05-05 18:57:51,428][keyword_request.py 50][INFO]: 请求返回信息 >>> {"data":{"token":"b00824afb7bc262674c736af3a44bc13211dad6de4dc9ddfe85a8640d3855d857f320aee1a28904126a1c302cfec2994","userId":21,"username":"sny","displayName":"苏农云","role":"admin","enterpriseId":1,"dataAuthorityId":3,"departments":[{"departmentId":1,"departmentName":"江苏省","haveUsers":true},{"departmentId":2,"departmentName":"南京市","haveUsers":false},{"departmentId":3,"departmentName":"市辖区","haveUsers":false},{"departmentId":4,"departmentName":"无锡市","haveUsers":false},{"departmentId":5,"departmentName":"市辖区","haveUsers":false},{"departmentId":6,"departmentName":"徐州市","haveUsers":false},{"departmentId":7,"departmentName":"市辖区","haveUsers":false},{"departmentId":8,"departmentName":"常州市","haveUsers":false},{"departmentId":9,"departmentName":"市辖区","haveUsers":false},{"departmentId":10,"departmentName":"苏州市","haveUsers":false},{"departmentId":11,"departmentName":"市辖区","haveUsers":false},{"departmentId":12,"departmentName":"南通市","haveUsers":false},{"departmentId":13,"departmentName":"市辖区","haveUsers":false},{"departmentId":14,"departmentName":"淮安市","haveUsers":false},{"departmentId":15,"departmentName":"市辖区","haveUsers":false},{"departmentId":16,"departmentName":"扬州市","haveUsers":false},{"departmentId":17,"departmentName":"市辖区","haveUsers":false},{"departmentId":18,"departmentName":"镇江市","haveUsers":false},{"departmentId":19,"departmentName":"市辖区","haveUsers":false},{"departmentId":20,"departmentName":"泰州市","haveUsers":false},{"departmentId":21,"departmentName":"市辖区","haveUsers":false},{"departmentId":22,"departmentName":"宿迁市","haveUsers":false},{"departmentId":23,"departmentName":"市辖区","haveUsers":false},{"departmentId":24,"departmentName":"连云港市","haveUsers":false},{"departmentId":25,"departmentName":"市辖区","haveUsers":false},{"departmentId":26,"departmentName":"盐城市","haveUsers":false},{"departmentId":27,"departmentName":"市辖区","haveUsers":false},{"departmentId":28,"departmentName":"锡山区","haveUsers":false},{"departmentId":29,"departmentName":"贾汪区","haveUsers":false},{"departmentId":30,"departmentName":"铜山县","haveUsers":false},{"departmentId":31,"departmentName":"睢宁县","haveUsers":false},{"departmentId":32,"departmentName":"邳州市","haveUsers":false},{"departmentId":33,"departmentName":"鼓楼区","haveUsers":false},{"departmentId":34,"departmentName":"邗江区","haveUsers":false},{"departmentId":35,"departmentName":"维扬区","haveUsers":false},{"departmentId":36,"departmentName":"润州区","haveUsers":false},{"departmentId":37,"departmentName":"九里区","haveUsers":false},{"departmentId":38,"departmentName":"姜堰市","haveUsers":false},{"departmentId":39,"departmentName":"宿豫区","haveUsers":false},{"departmentId":40,"departmentName":"沭阳县","haveUsers":false},{"departmentId":41,"departmentName":"玄武区","haveUsers":false},{"departmentId":42,"departmentName":"白下区","haveUsers":false},{"departmentId":43,"departmentName":"浦口区","haveUsers":false},{"departmentId":44,"departmentName":"溧水县","haveUsers":false},{"departmentId":45,"departmentName":"栖霞区","haveUsers":false},{"departmentId":46,"departmentName":"雨花台区","haveUsers":false},{"departmentId":47,"departmentName":"北塘区","haveUsers":false},{"departmentId":48,"departmentName":"高淳县","haveUsers":false},{"departmentId":49,"departmentName":"崇安区","haveUsers":false},{"departmentId":50,"departmentName":"南长区","haveUsers":false},{"departmentId":51,"departmentName":"惠山区","haveUsers":false},{"departmentId":52,"departmentName":"滨湖区","haveUsers":false},{"departmentId":53,"departmentName":"江阴市","haveUsers":false},{"departmentId":54,"departmentName":"云龙区","haveUsers":false},{"departmentId":55,"departmentName":"宜兴市","haveUsers":false},{"departmentId":56,"departmentName":"启东市","haveUsers":false},{"departmentId":57,"departmentName":"鼓楼区","haveUsers":false},{"departmentId":58,"departmentName":"丰县","haveUsers":false},{"departmentId":59,"departmentName":"丹徒区","haveUsers":false},{"departmentId":60,"departmentName":"扬中市","haveUsers":false},{"departmentId":61,"departmentName":"泗洪县","haveUsers":false},{"departmentId":62,"departmentName":"沛县","haveUsers":false},{"departmentId":63,"departmentName":"新沂市","haveUsers":false},{"departmentId":64,"departmentName":"钟楼区","haveUsers":false},{"departmentId":65,"departmentName":"金阊区","haveUsers":false},{"departmentId":66,"departmentName":"张家港市","haveUsers":false},{"departmentId":67,"departmentName":"新北区","haveUsers":false},{"departmentId":68,"departmentName":"丹阳市","haveUsers":false},{"departmentId":69,"departmentName":"溧阳市","haveUsers":false},{"departmentId":70,"departmentName":"金坛市","haveUsers":false},{"departmentId":71,"departmentName":"沧浪区","haveUsers":false},{"departmentId":72,"departmentName":"虎丘区","haveUsers":false},{"departmentId":73,"departmentName":"港闸区","haveUsers":false},{"departmentId":74,"departmentName":"相城区","haveUsers":false},{"departmentId":75,"departmentName":"崇川区","haveUsers":false},{"departmentId":76,"departmentName":"海门市","haveUsers":false},{"departmentId":77,"departmentName":"如东县","haveUsers":false},{"departmentId":78,"departmentName":"如皋市","haveUsers":false},{"departmentId":79,"departmentName":"清河区","haveUsers":false},{"departmentId":80,"departmentName":"金湖县","haveUsers":false},{"departmentId":81,"departmentName":"海州区","haveUsers":false},{"departmentId":82,"departmentName":"清浦区","haveUsers":false},{"departmentId":83,"departmentName":"赣榆县","haveUsers":false},{"departmentId":84,"departmentName":"灌南县","haveUsers":false},{"departmentId":85,"departmentName":"淮阴区","haveUsers":false},{"departmentId":86,"departmentName":"洪泽县","haveUsers":false},{"departmentId":87,"departmentName":"广陵区","haveUsers":false},{"departmentId":88,"departmentName":"盱眙县","haveUsers":false},{"departmentId":89,"departmentName":"京口区","haveUsers":false},{"departmentId":90,"departmentName":"亭湖区","haveUsers":false},{"departmentId":91,"departmentName":"盐都区","haveUsers":false},{"departmentId":92,"departmentName":"响水县","haveUsers":false},{"departmentId":93,"departmentName":"阜宁县","haveUsers":false},{"departmentId":94,"departmentName":"建湖县","haveUsers":false},{"departmentId":95,"departmentName":"东台市","haveUsers":false},{"departmentId":96,"departmentName":"大丰市","haveUsers":false},{"departmentId":97,"departmentName":"宝应县","haveUsers":false},{"departmentId":98,"departmentName":"江都市","haveUsers":false},{"departmentId":99,"departmentName":"海陵区","haveUsers":false},{"departmentId":100,"departmentName":"高港区","haveUsers":false},{"departmentId":101,"departmentName":"靖江市","haveUsers":false},{"departmentId":102,"departmentName":"泰兴市","haveUsers":false},{"departmentId":103,"departmentName":"宿城区","haveUsers":false},{"departmentId":104,"departmentName":"泗阳县","haveUsers":false},{"departmentId":105,"departmentName":"戚墅堰区","haveUsers":false},{"departmentId":106,"departmentName":"武进区","haveUsers":false},{"departmentId":107,"departmentName":"平江区","haveUsers":false},{"departmentId":108,"departmentName":"吴中区","haveUsers":false},{"departmentId":109,"departmentName":"海安县","haveUsers":false},{"departmentId":110,"departmentName":"常熟市","haveUsers":false},{"departmentId":111,"departmentName":"昆山市","haveUsers":false},{"departmentId":112,"departmentName":"吴江市","haveUsers":false},{"departmentId":113,"departmentName":"太仓市","haveUsers":false},{"departmentId":114,"departmentName":"秦淮区","haveUsers":false},{"departmentId":115,"departmentName":"通州市","haveUsers":false},{"departmentId":116,"departmentName":"连云区","haveUsers":false},{"departmentId":117,"departmentName":"新浦区","haveUsers":false},{"departmentId":118,"departmentName":"楚州区","haveUsers":false},{"departmentId":119,"departmentName":"建邺区","haveUsers":false},{"departmentId":120,"departmentName":"涟水县","haveUsers":false},{"departmentId":121,"departmentName":"东海县","haveUsers":false},{"departmentId":122,"departmentName":"灌云县","haveUsers":false},{"departmentId":123,"departmentName":"滨海县","haveUsers":false},{"departmentId":124,"departmentName":"射阳县","haveUsers":false},{"departmentId":125,"departmentName":"下关区","haveUsers":false},{"departmentId":126,"departmentName":"六合区","haveUsers":false},{"departmentId":127,"departmentName":"仪征市","haveUsers":false},{"departmentId":128,"departmentName":"高邮市","haveUsers":false},{"departmentId":129,"departmentName":"江宁区","haveUsers":false},{"departmentId":130,"departmentName":"天宁区","haveUsers":false},{"departmentId":131,"departmentName":"句容市","haveUsers":false},{"departmentId":132,"departmentName":"兴化市","haveUsers":false},{"departmentId":133,"departmentName":"泉山区","haveUsers":false}],"departmentId":1,"code":200}}
[2022-05-05 18:57:51,428][keyword_request.py 52][INFO]: resulr.data数据为:True
[2022-05-05 18:57:51,428][keyword_request.py 54][INFO]: 用户登录 ==>> 返回状态码为 >> 200
[2022-05-05 18:57:51,429][keyword_request.py 55][INFO]: json.get方法获取状态码200
[2022-05-05 18:57:51,429][test_login.py 35][INFO]: 状态码 ==>> 期望结果：200， 实际结果：【 200 】
[2022-05-05 18:57:51,429][test_login.py 39][INFO]: except_result数据为：sny
[2022-05-05 18:57:51,429][test_login.py 42][INFO]: *************** 用户登录-结束执行用例 ***************
[2022-05-05 18:57:51,444][test_screen.py 29][INFO]: *************** 获取小麦：温度，湿度，降水，太阳辐射数据-开始执行用例 ***************
[2022-05-05 18:57:51,445][yaml_util1.py 22][INFO]: 读到token ==>>  {'token': 'b00824afb7bc262674c736af3a44bc13211dad6de4dc9ddfe85a8640d3855d857f320aee1a28904126a1c302cfec2994'}
[2022-05-05 18:57:51,448][yaml_util1.py 22][INFO]: 读到token ==>>  {'token': 'b00824afb7bc262674c736af3a44bc13211dad6de4dc9ddfe85a8640d3855d857f320aee1a28904126a1c302cfec2994'}
[2022-05-05 18:57:51,448][all_requests.py 52][INFO]: 接口请求地址 ==>> https://zbapi.gagogroup.cn/api/zhibao/v1/disaster/areas/statistics
[2022-05-05 18:57:51,448][all_requests.py 53][INFO]: 接口请求方式 ==>> get
[2022-05-05 18:57:51,449][all_requests.py 55][INFO]: 接口请求头 ==>> null
[2022-05-05 18:57:51,449][all_requests.py 56][INFO]: 接口请求 params 参数 ==>> null
[2022-05-05 18:57:51,449][all_requests.py 57][INFO]: 接口请求体 data 参数 ==>> {
    "lat": "32.9661343135971",
    "lon": "119.463308431282",
    "disaster_type": "chimei",
    "feature": [
        "tave",
        "rh",
        "apcp",
        "ssrd"
    ]
}
[2022-05-05 18:57:51,449][all_requests.py 58][INFO]: 接口请求体 json 参数 ==>> null
[2022-05-05 18:57:51,449][all_requests.py 59][INFO]: 接口上传附件 files 参数 ==>> None
[2022-05-05 18:57:51,449][all_requests.py 60][INFO]: 接口 cookies 参数 ==>> null
[2022-05-05 18:57:51,550][keyword_request.py 50][INFO]: 请求返回信息 >>> {"data":{"apcp":{"≤50":757.4894613479651,"50~65":4954.830939259358,"65~80":3771.811076230657,"80~95":3622.621059534833,"＞95":2519.770509098235},"rh":{"≤62%":640.5489347417972,"62~64%":4182.788268663884,"64~66%":3221.851491423027,"66~68%":5900.850457383989,"＞68%":1680.4838932522605},"ssrd":{"≤630":1113.5971416482314,"630~645":2819.117949575027,"645~660":3405.0363829832977,"660~675":3664.0216479454,"＞675":4624.74992331684},"tave":{"≤16.5":520.6054485750198,"16.5~17":1509.8429047924603,"17~17.5":2800.3066315025308,"17.5~18":5435.4248630931825,"＞18":5360.34319750734},"code":200}}
[2022-05-05 18:57:51,551][keyword_request.py 52][INFO]: resulr.data数据为:True
[2022-05-05 18:57:51,552][keyword_request.py 54][INFO]: 获取小麦：温度，湿度，降水，太阳辐射数据 ==>> 返回状态码为 >> 200
[2022-05-05 18:57:51,552][keyword_request.py 55][INFO]: json.get方法获取状态码200
[2022-05-05 18:57:51,552][test_screen.py 31][INFO]: 状态码 ==>> 期望结果：200， 实际结果：【 200 】
[2022-05-05 18:57:51,552][test_screen.py 35][INFO]: except_result数据为：5360
[2022-05-05 18:57:51,552][test_screen.py 42][INFO]: *************** 获取小麦：温度，湿度，降水，太阳辐射数据-结束执行用例 ***************
[2022-05-05 18:57:51,563][test_screen.py 57][INFO]: *************** 获取水稻：温度，湿度，降水，太阳辐射数据-开始执行用例 ***************
[2022-05-05 18:57:51,564][yaml_util1.py 22][INFO]: 读到token ==>>  {'token': 'b00824afb7bc262674c736af3a44bc13211dad6de4dc9ddfe85a8640d3855d857f320aee1a28904126a1c302cfec2994'}
[2022-05-05 18:57:51,564][yaml_util1.py 22][INFO]: 读到token ==>>  {'token': 'b00824afb7bc262674c736af3a44bc13211dad6de4dc9ddfe85a8640d3855d857f320aee1a28904126a1c302cfec2994'}
[2022-05-05 18:57:51,564][all_requests.py 52][INFO]: 接口请求地址 ==>> https://zbapi.gagogroup.cn/api/zhibao/v1/disaster/areas/statistics
[2022-05-05 18:57:51,565][all_requests.py 53][INFO]: 接口请求方式 ==>> get
[2022-05-05 18:57:51,565][all_requests.py 55][INFO]: 接口请求头 ==>> null
[2022-05-05 18:57:51,565][all_requests.py 56][INFO]: 接口请求 params 参数 ==>> null
[2022-05-05 18:57:51,565][all_requests.py 57][INFO]: 接口请求体 data 参数 ==>> {
    "lat": "32.9661343135971",
    "lon": "119.463308431282",
    "disaster_type": "daowen",
    "feature": [
        "tave",
        "rh",
        "apcp",
        "ssrd"
    ]
}
[2022-05-05 18:57:51,565][all_requests.py 58][INFO]: 接口请求体 json 参数 ==>> null
[2022-05-05 18:57:51,565][all_requests.py 59][INFO]: 接口上传附件 files 参数 ==>> None
[2022-05-05 18:57:51,565][all_requests.py 60][INFO]: 接口 cookies 参数 ==>> null
[2022-05-05 18:57:51,668][keyword_request.py 50][INFO]: 请求返回信息 >>> {"data":{"apcp":{"≤120":183.88461997294002,"120~140":747.163070671778,"140~160":2941.218034510612,"160~180":6169.508106864578,"＞180":5584.74921345338},"rh":{"≤77%":0,"77~78%":3157.54357350274,"78~79%":3692.3161467567043,"79~80%":3062.1716223783847,"＞80%":5714.49170283337},"ssrd":{"≤700":4409.213315218555,"700~715":4454.524885593127,"715~730":4067.7716017028793,"730~745":1899.1871775984011,"＞745":795.8260653598189},"tave":{"≤24.5":2432.4016794139197,"24.5~25":3287.7064145231643,"25~25.5":2642.252165370867,"25.5~26":2394.9121609123317,"＞26":4869.250625252608},"code":200}}
[2022-05-05 18:57:51,668][keyword_request.py 52][INFO]: resulr.data数据为:True
[2022-05-05 18:57:51,668][keyword_request.py 54][INFO]: 获取水稻：温度，湿度，降水，太阳辐射数据 ==>> 返回状态码为 >> 200
[2022-05-05 18:57:51,668][keyword_request.py 55][INFO]: json.get方法获取状态码200
[2022-05-05 18:57:51,668][test_screen.py 59][INFO]: 状态码 ==>> 期望结果：200， 实际结果：【 200 】
[2022-05-05 18:57:51,668][test_screen.py 63][INFO]: except_result数据为：4869
[2022-05-05 18:57:51,668][test_screen.py 70][INFO]: *************** 获取水稻：温度，湿度，降水，太阳辐射数据-结束执行用例 ***************
[2022-05-05 18:57:51,685][test_recovery_plan.py 25][INFO]: *************** 获取小麦风险分布、指数-开始执行用例 ***************
[2022-05-05 18:57:51,685][yaml_util1.py 22][INFO]: 读到token ==>>  {'token': 'b00824afb7bc262674c736af3a44bc13211dad6de4dc9ddfe85a8640d3855d857f320aee1a28904126a1c302cfec2994'}
[2022-05-05 18:57:51,686][yaml_util1.py 22][INFO]: 读到token ==>>  {'token': 'b00824afb7bc262674c736af3a44bc13211dad6de4dc9ddfe85a8640d3855d857f320aee1a28904126a1c302cfec2994'}
[2022-05-05 18:57:51,686][all_requests.py 52][INFO]: 接口请求地址 ==>> https://zbapi.gagogroup.cn/api/zhibao/v1/disaster/history/risk_map/distributed
[2022-05-05 18:57:51,686][all_requests.py 53][INFO]: 接口请求方式 ==>> get
[2022-05-05 18:57:51,686][all_requests.py 55][INFO]: 接口请求头 ==>> null
[2022-05-05 18:57:51,686][all_requests.py 56][INFO]: 接口请求 params 参数 ==>> null
[2022-05-05 18:57:51,686][all_requests.py 57][INFO]: 接口请求体 data 参数 ==>> {
    "lat": "32.9661343135971",
    "lon": "119.463308431282",
    "crop_type": "wheat"
}
[2022-05-05 18:57:51,686][all_requests.py 58][INFO]: 接口请求体 json 参数 ==>> null
[2022-05-05 18:57:51,687][all_requests.py 59][INFO]: 接口上传附件 files 参数 ==>> None
[2022-05-05 18:57:51,687][all_requests.py 60][INFO]: 接口 cookies 参数 ==>> null
[2022-05-05 18:57:51,785][keyword_request.py 50][INFO]: 请求返回信息 >>> {"data":{"mean":1.29076,"levelOneArea":2138.39401188,"levelTwoArea":13163.5196601,"levelThreeArea":0,"levelFourArea":0,"levelFiveArea":0,"code":200}}
[2022-05-05 18:57:51,785][keyword_request.py 52][INFO]: resulr.data数据为:True
[2022-05-05 18:57:51,785][keyword_request.py 54][INFO]: 获取小麦风险分布、指数 ==>> 返回状态码为 >> 200
[2022-05-05 18:57:51,785][keyword_request.py 55][INFO]: json.get方法获取状态码200
[2022-05-05 18:57:51,785][test_recovery_plan.py 27][INFO]: 状态码 ==>> 期望结果：200， 实际结果：【 200 】
[2022-05-05 18:57:51,785][test_recovery_plan.py 31][INFO]: except_result数据为：2138
[2022-05-05 18:57:51,785][test_recovery_plan.py 36][INFO]: *************** 获取小麦风险分布、指数-结束执行用例 ***************
[2022-05-05 18:57:51,798][test_recovery_plan.py 50][INFO]: *************** 获取水稻风险分布，指数-开始执行用例 ***************
[2022-05-05 18:57:51,799][yaml_util1.py 22][INFO]: 读到token ==>>  {'token': 'b00824afb7bc262674c736af3a44bc13211dad6de4dc9ddfe85a8640d3855d857f320aee1a28904126a1c302cfec2994'}
[2022-05-05 18:57:51,800][yaml_util1.py 22][INFO]: 读到token ==>>  {'token': 'b00824afb7bc262674c736af3a44bc13211dad6de4dc9ddfe85a8640d3855d857f320aee1a28904126a1c302cfec2994'}
[2022-05-05 18:57:51,800][all_requests.py 52][INFO]: 接口请求地址 ==>> https://zbapi.gagogroup.cn/api/zhibao/v1/disaster/history/risk_map/distributed
[2022-05-05 18:57:51,800][all_requests.py 53][INFO]: 接口请求方式 ==>> get
[2022-05-05 18:57:51,800][all_requests.py 55][INFO]: 接口请求头 ==>> null
[2022-05-05 18:57:51,800][all_requests.py 56][INFO]: 接口请求 params 参数 ==>> null
[2022-05-05 18:57:51,800][all_requests.py 57][INFO]: 接口请求体 data 参数 ==>> {
    "lat": "32.9661343135971",
    "lon": "119.463308431282",
    "crop_type": "rice"
}
[2022-05-05 18:57:51,801][all_requests.py 58][INFO]: 接口请求体 json 参数 ==>> null
[2022-05-05 18:57:51,801][all_requests.py 59][INFO]: 接口上传附件 files 参数 ==>> None
[2022-05-05 18:57:51,801][all_requests.py 60][INFO]: 接口 cookies 参数 ==>> null
[2022-05-05 18:57:51,905][keyword_request.py 50][INFO]: 请求返回信息 >>> {"data":{"mean":2.0038,"levelOneArea":0,"levelTwoArea":7251.94490985,"levelThreeArea":8038.34705552,"levelFourArea":11.6217065863,"levelFiveArea":0,"code":200}}
[2022-05-05 18:57:51,905][keyword_request.py 52][INFO]: resulr.data数据为:True
[2022-05-05 18:57:51,905][keyword_request.py 54][INFO]: 获取水稻风险分布，指数 ==>> 返回状态码为 >> 200
[2022-05-05 18:57:51,905][keyword_request.py 55][INFO]: json.get方法获取状态码200
[2022-05-05 18:57:51,906][test_recovery_plan.py 52][INFO]: 状态码 ==>> 期望结果：200， 实际结果：【 200 】
[2022-05-05 18:57:51,906][test_recovery_plan.py 56][INFO]: except_result数据为：7251
[2022-05-05 18:57:51,906][test_recovery_plan.py 60][INFO]: *************** 获取水稻风险分布，指数-结束执行用例 ***************
[2022-05-05 18:57:51,917][test_recovery_plan.py 74][INFO]: *************** 小麦-病害风险最高前十-开始执行用例 ***************
[2022-05-05 18:57:51,917][yaml_util1.py 22][INFO]: 读到token ==>>  {'token': 'b00824afb7bc262674c736af3a44bc13211dad6de4dc9ddfe85a8640d3855d857f320aee1a28904126a1c302cfec2994'}
[2022-05-05 18:57:51,918][yaml_util1.py 22][INFO]: 读到token ==>>  {'token': 'b00824afb7bc262674c736af3a44bc13211dad6de4dc9ddfe85a8640d3855d857f320aee1a28904126a1c302cfec2994'}
[2022-05-05 18:57:51,918][all_requests.py 52][INFO]: 接口请求地址 ==>> https://zbapi.gagogroup.cn/api/zhibao/v1/disaster/history/risk_map/top_ten
[2022-05-05 18:57:51,918][all_requests.py 53][INFO]: 接口请求方式 ==>> get
[2022-05-05 18:57:51,918][all_requests.py 55][INFO]: 接口请求头 ==>> null
[2022-05-05 18:57:51,918][all_requests.py 56][INFO]: 接口请求 params 参数 ==>> null
[2022-05-05 18:57:51,918][all_requests.py 57][INFO]: 接口请求体 data 参数 ==>> {
    "crop_type": "wheat"
}
[2022-05-05 18:57:51,919][all_requests.py 58][INFO]: 接口请求体 json 参数 ==>> null
[2022-05-05 18:57:51,919][all_requests.py 59][INFO]: 接口上传附件 files 参数 ==>> None
[2022-05-05 18:57:51,919][all_requests.py 60][INFO]: 接口 cookies 参数 ==>> null
[2022-05-05 18:57:52,019][keyword_request.py 50][INFO]: 请求返回信息 >>> {"data":{"list":[{"cityName":"南京市","mean":1.6792,"countyName":"六合区"},{"cityName":"扬州市","mean":1.66938,"countyName":"仪征市"},{"cityName":"淮安市","mean":1.63997,"countyName":"盱眙县"},{"cityName":"宿迁市","mean":1.58083,"countyName":"泗洪县"},{"cityName":"南通市","mean":1.53429,"countyName":"如皋市"},{"cityName":"南通市","mean":1.52533,"countyName":"海安县"},{"cityName":"镇江市","mean":1.52349,"countyName":"丹徒区"},{"cityName":"扬州市","mean":1.51803,"countyName":"江都区"},{"cityName":"扬州市","mean":1.48142,"countyName":"高邮市"},{"cityName":"泰州市","mean":1.47393,"countyName":"泰兴市"}],"code":200}}
[2022-05-05 18:57:52,019][keyword_request.py 52][INFO]: resulr.data数据为:True
[2022-05-05 18:57:52,019][keyword_request.py 54][INFO]: 小麦-病害风险最高前十 ==>> 返回状态码为 >> 200
[2022-05-05 18:57:52,019][keyword_request.py 55][INFO]: json.get方法获取状态码200
[2022-05-05 18:57:52,019][test_recovery_plan.py 76][INFO]: 状态码 ==>> 期望结果：200， 实际结果：【 200 】
[2022-05-05 18:57:52,019][test_recovery_plan.py 80][INFO]: except_result数据为：南京市
[2022-05-05 18:57:52,020][test_recovery_plan.py 84][INFO]: *************** 小麦-病害风险最高前十-结束执行用例 ***************
[2022-05-05 18:57:52,026][test_recovery_plan.py 98][INFO]: *************** 水稻=病害风险最高前十-开始执行用例 ***************
[2022-05-05 18:57:52,026][yaml_util1.py 22][INFO]: 读到token ==>>  {'token': 'b00824afb7bc262674c736af3a44bc13211dad6de4dc9ddfe85a8640d3855d857f320aee1a28904126a1c302cfec2994'}
[2022-05-05 18:57:52,027][yaml_util1.py 22][INFO]: 读到token ==>>  {'token': 'b00824afb7bc262674c736af3a44bc13211dad6de4dc9ddfe85a8640d3855d857f320aee1a28904126a1c302cfec2994'}
[2022-05-05 18:57:52,027][all_requests.py 52][INFO]: 接口请求地址 ==>> https://zbapi.gagogroup.cn/api/zhibao/v1/disaster/history/risk_map/top_ten
[2022-05-05 18:57:52,027][all_requests.py 53][INFO]: 接口请求方式 ==>> get
[2022-05-05 18:57:52,027][all_requests.py 55][INFO]: 接口请求头 ==>> null
[2022-05-05 18:57:52,027][all_requests.py 56][INFO]: 接口请求 params 参数 ==>> null
[2022-05-05 18:57:52,027][all_requests.py 57][INFO]: 接口请求体 data 参数 ==>> {
    "crop_type": "rice"
}
[2022-05-05 18:57:52,027][all_requests.py 58][INFO]: 接口请求体 json 参数 ==>> null
[2022-05-05 18:57:52,027][all_requests.py 59][INFO]: 接口上传附件 files 参数 ==>> None
[2022-05-05 18:57:52,027][all_requests.py 60][INFO]: 接口 cookies 参数 ==>> null
[2022-05-05 18:57:52,143][keyword_request.py 50][INFO]: 请求返回信息 >>> {"data":{"list":[{"cityName":"盐城市","mean":2.57974,"countyName":"射阳县"},{"cityName":"盐城市","mean":2.51941,"countyName":"大丰市"},{"cityName":"盐城市","mean":2.50337,"countyName":"滨海县"},{"cityName":"盐城市","mean":2.42456,"countyName":"亭湖区"},{"cityName":"盐城市","mean":2.39769,"countyName":"盐都区"},{"cityName":"盐城市","mean":2.38846,"countyName":"建湖县"},{"cityName":"泰州市","mean":2.32125,"countyName":"兴化市"},{"cityName":"盐城市","mean":2.31968,"countyName":"阜宁县"},{"cityName":"盐城市","mean":2.30921,"countyName":"响水县"},{"cityName":"扬州市","mean":2.2979,"countyName":"宝应县"}],"code":200}}
[2022-05-05 18:57:52,143][keyword_request.py 52][INFO]: resulr.data数据为:True
[2022-05-05 18:57:52,143][keyword_request.py 54][INFO]: 水稻=病害风险最高前十 ==>> 返回状态码为 >> 200
[2022-05-05 18:57:52,143][keyword_request.py 55][INFO]: json.get方法获取状态码200
[2022-05-05 18:57:52,143][test_recovery_plan.py 100][INFO]: 状态码 ==>> 期望结果：200， 实际结果：【 200 】
[2022-05-05 18:57:52,143][test_recovery_plan.py 104][INFO]: except_result数据为：盐城市
[2022-05-05 18:57:52,143][test_recovery_plan.py 108][INFO]: *************** 水稻=病害风险最高前十-结束执行用例 ***************
[2022-05-05 18:57:52,151][conftest.py 34][INFO]: ~~~~~~~~~~在所有请求之后执行一次~~~~~~~~~~~
